<?xml version="1.0" encoding="UTF-8"?>
<!-- Generated by org.testng.reporters.JUnitReportReporter -->
<testsuite hostname="SUDARSAN_PUHAN" failures="0" tests="1" name="com.AmazonNavigation.TestClasses.AmazonHomePage" time="10.412" errors="0" timestamp="2023-02-23T01:48:34 IST" skipped="0">
  <testcase classname="com.AmazonNavigation.TestClasses.AmazonHomePage" name="test1" time="10.412"/>
  <system-out/>
</testsuite> <!-- com.AmazonNavigation.TestClasses.AmazonHomePage -->
